<?xml version="1.0" encoding="UTF-8"?>
<!-- Generated by org.testng.reporters.JUnitReportReporter -->
<testsuite hostname="LAPTOP-8M0N26N9" failures="0" tests="1" name="org.net.TestNG" time="0.010" errors="0" timestamp="2023-02-08T12:05:04 IST" skipped="0">
  <testcase classname="org.net.TestNG" name="sam" time="0.010"/>
  <system-out/>
</testsuite> <!-- org.net.TestNG -->
